<?xml version="1.0" encoding="UTF-8"?>
<coverage generated="1602392732329" clover="3.2.0">
  <project timestamp="1602392732329" name="All files">
    <metrics statements="30" coveredstatements="15" conditionals="4" coveredconditionals="2" methods="12" coveredmethods="5" elements="46" coveredelements="22" complexity="0" loc="30" ncloc="30" packages="2" files="2" classes="2"/>
    <package name="common">
      <metrics statements="1" coveredstatements="1" conditionals="0" coveredconditionals="0" methods="0" coveredmethods="0"/>
      <file name="message.ts" path="C:\Users\pyomt\Desktop\FukuUchi_ERP\src\common\message.ts">
        <metrics statements="1" coveredstatements="1" conditionals="0" coveredconditionals="0" methods="0" coveredmethods="0"/>
        <line num="4" count="1" type="stmt"/>
      </file>
    </package>
    <package name="domain.attendanceManagement.timecard">
      <metrics statements="29" coveredstatements="14" conditionals="4" coveredconditionals="2" methods="12" coveredmethods="5"/>
      <file name="valueObjects.ts" path="C:\Users\pyomt\Desktop\FukuUchi_ERP\src\domain\attendanceManagement\timecard\valueObjects.ts">
        <metrics statements="29" coveredstatements="14" conditionals="4" coveredconditionals="2" methods="12" coveredmethods="5"/>
        <line num="1" count="1" type="stmt"/>
        <line num="2" count="1" type="stmt"/>
        <line num="10" count="1" type="stmt"/>
        <line num="14" count="0" type="stmt"/>
        <line num="15" count="0" type="stmt"/>
        <line num="16" count="0" type="stmt"/>
        <line num="19" count="0" type="stmt"/>
        <line num="20" count="0" type="stmt"/>
        <line num="23" count="0" type="stmt"/>
        <line num="24" count="0" type="stmt"/>
        <line num="27" count="0" type="stmt"/>
        <line num="28" count="0" type="stmt"/>
        <line num="31" count="0" type="stmt"/>
        <line num="32" count="0" type="stmt"/>
        <line num="37" count="1" type="stmt"/>
        <line num="39" count="1" type="stmt"/>
        <line num="42" count="0" type="stmt"/>
        <line num="43" count="0" type="stmt"/>
        <line num="45" count="0" type="stmt"/>
        <line num="46" count="0" type="stmt"/>
        <line num="48" count="1" type="stmt"/>
        <line num="50" count="1" type="stmt"/>
        <line num="53" count="2" type="stmt"/>
        <line num="54" count="2" type="cond" truecount="2" falsecount="0"/>
        <line num="55" count="1" type="stmt"/>
        <line num="57" count="1" type="stmt"/>
        <line num="60" count="2" type="stmt"/>
        <line num="61" count="1" type="stmt"/>
        <line num="63" count="1" type="stmt"/>
      </file>
    </package>
  </project>
</coverage>
