<?xml version="1.0" encoding="UTF-8"?>
<coverage generated="1602185747953" clover="3.2.0">
  <project timestamp="1602185747953" name="All files">
    <metrics statements="20" coveredstatements="15" conditionals="0" coveredconditionals="0" methods="11" coveredmethods="7" elements="31" coveredelements="22" complexity="0" loc="20" ncloc="20" packages="2" files="2" classes="2"/>
    <package name="employee">
      <metrics statements="6" coveredstatements="6" conditionals="0" coveredconditionals="0" methods="3" coveredmethods="3"/>
      <file name="employee.ts" path="C:\Users\pyomt\Desktop\FukuUchi_ERP\src\domain\attendanceManagement\employee\employee.ts">
        <metrics statements="6" coveredstatements="6" conditionals="0" coveredconditionals="0" methods="3" coveredmethods="3"/>
        <line num="11" count="1" type="stmt"/>
        <line num="14" count="1" type="stmt"/>
        <line num="15" count="1" type="stmt"/>
        <line num="18" count="1" type="stmt"/>
        <line num="19" count="1" type="stmt"/>
        <line num="55" count="1" type="stmt"/>
      </file>
    </package>
    <package name="timecard">
      <metrics statements="14" coveredstatements="9" conditionals="0" coveredconditionals="0" methods="8" coveredmethods="4"/>
      <file name="valueObjects.ts" path="C:\Users\pyomt\Desktop\FukuUchi_ERP\src\domain\attendanceManagement\timecard\valueObjects.ts">
        <metrics statements="14" coveredstatements="9" conditionals="0" coveredconditionals="0" methods="8" coveredmethods="4"/>
        <line num="8" count="1" type="stmt"/>
        <line num="13" count="0" type="stmt"/>
        <line num="14" count="0" type="stmt"/>
        <line num="17" count="1" type="stmt"/>
        <line num="18" count="0" type="stmt"/>
        <line num="21" count="1" type="stmt"/>
        <line num="22" count="0" type="stmt"/>
        <line num="24" count="1" type="stmt"/>
        <line num="26" count="1" type="stmt"/>
        <line num="30" count="0" type="stmt"/>
        <line num="32" count="1" type="stmt"/>
        <line num="34" count="1" type="stmt"/>
        <line num="38" count="1" type="stmt"/>
        <line num="40" count="1" type="stmt"/>
      </file>
    </package>
  </project>
</coverage>
