{"C:\\Users\\pyomt\\Desktop\\FukuUchi_ERP\\src\\common\\message.ts": {"path":"C:\\Users\\pyomt\\Desktop\\FukuUchi_ERP\\src\\common\\message.ts","statementMap":{"0":{"start":{"line":4,"column":13},"end":{"line":7,"column":11}}},"fnMap":{},"branchMap":{},"s":{"0":1},"f":{},"b":{}}
,"C:\\Users\\pyomt\\Desktop\\FukuUchi_ERP\\src\\domain\\attendanceManagement\\timecard\\valueObjects.ts": {"path":"C:\\Users\\pyomt\\Desktop\\FukuUchi_ERP\\src\\domain\\attendanceManagement\\timecard\\valueObjects.ts","statementMap":{"0":{"start":{"line":1,"column":0},"end":{"line":1,"column":59}},"1":{"start":{"line":2,"column":13},"end":{"line":7,"column":11}},"2":{"start":{"line":10,"column":0},"end":{"line":10,"column":13}},"3":{"start":{"line":14,"column":2},"end":{"line":14,"column":14}},"4":{"start":{"line":19,"column":2},"end":{"line":21,"column":4}},"5":{"start":{"line":20,"column":4},"end":{"line":20,"column":30}},"6":{"start":{"line":23,"column":2},"end":{"line":25,"column":4}},"7":{"start":{"line":24,"column":4},"end":{"line":24,"column":31}},"8":{"start":{"line":27,"column":2},"end":{"line":29,"column":4}},"9":{"start":{"line":28,"column":4},"end":{"line":28,"column":76}},"10":{"start":{"line":31,"column":2},"end":{"line":36,"column":4}},"11":{"start":{"line":32,"column":4},"end":{"line":35,"column":6}},"12":{"start":{"line":15,"column":4},"end":{"line":15,"column":34}},"13":{"start":{"line":16,"column":4},"end":{"line":16,"column":36}},"14":{"start":{"line":37,"column":0},"end":{"line":37,"column":null}},"15":{"start":{"line":10,"column":13},"end":{"line":10,"column":23}},"16":{"start":{"line":39,"column":0},"end":{"line":39,"column":13}},"17":{"start":{"line":42,"column":2},"end":{"line":42,"column":14}},"18":{"start":{"line":45,"column":2},"end":{"line":47,"column":4}},"19":{"start":{"line":46,"column":4},"end":{"line":46,"column":22}},"20":{"start":{"line":43,"column":4},"end":{"line":43,"column":20}},"21":{"start":{"line":48,"column":0},"end":{"line":48,"column":null}},"22":{"start":{"line":39,"column":13},"end":{"line":39,"column":23}},"23":{"start":{"line":50,"column":0},"end":{"line":50,"column":13}},"24":{"start":{"line":53,"column":2},"end":{"line":53,"column":14}},"25":{"start":{"line":60,"column":2},"end":{"line":62,"column":4}},"26":{"start":{"line":61,"column":4},"end":{"line":61,"column":22}},"27":{"start":{"line":54,"column":4},"end":{"line":56,"column":null}},"28":{"start":{"line":55,"column":6},"end":{"line":55,"column":65}},"29":{"start":{"line":57,"column":4},"end":{"line":57,"column":20}},"30":{"start":{"line":63,"column":0},"end":{"line":63,"column":null}},"31":{"start":{"line":50,"column":13},"end":{"line":50,"column":23}}},"fnMap":{"0":{"name":"(anonymous_0)","decl":{"start":{"line":10,"column":0},"end":{"line":10,"column":13}},"loc":{"start":{"line":10,"column":0},"end":{"line":37,"column":null}}},"1":{"name":"Coordinate","decl":{"start":{"line":14,"column":2},"end":{"line":14,"column":14}},"loc":{"start":{"line":14,"column":49},"end":{"line":17,"column":3}}},"2":{"name":"(anonymous_2)","decl":{"start":{"line":19,"column":27},"end":{"line":19,"column":null}},"loc":{"start":{"line":19,"column":27},"end":{"line":21,"column":3}}},"3":{"name":"(anonymous_3)","decl":{"start":{"line":23,"column":28},"end":{"line":23,"column":null}},"loc":{"start":{"line":23,"column":28},"end":{"line":25,"column":3}}},"4":{"name":"(anonymous_4)","decl":{"start":{"line":27,"column":62},"end":{"line":27,"column":null}},"loc":{"start":{"line":27,"column":62},"end":{"line":29,"column":3}}},"5":{"name":"(anonymous_5)","decl":{"start":{"line":31,"column":47},"end":{"line":31,"column":48}},"loc":{"start":{"line":31,"column":58},"end":{"line":36,"column":3}}},"6":{"name":"(anonymous_6)","decl":{"start":{"line":39,"column":0},"end":{"line":39,"column":13}},"loc":{"start":{"line":39,"column":0},"end":{"line":48,"column":null}}},"7":{"name":"TimecardId","decl":{"start":{"line":42,"column":2},"end":{"line":42,"column":14}},"loc":{"start":{"line":42,"column":24},"end":{"line":44,"column":3}}},"8":{"name":"(anonymous_8)","decl":{"start":{"line":45,"column":21},"end":{"line":45,"column":null}},"loc":{"start":{"line":45,"column":21},"end":{"line":47,"column":3}}},"9":{"name":"(anonymous_9)","decl":{"start":{"line":50,"column":0},"end":{"line":50,"column":13}},"loc":{"start":{"line":50,"column":0},"end":{"line":63,"column":null}}},"10":{"name":"EmployeeId","decl":{"start":{"line":53,"column":2},"end":{"line":53,"column":14}},"loc":{"start":{"line":53,"column":24},"end":{"line":58,"column":3}}},"11":{"name":"(anonymous_11)","decl":{"start":{"line":60,"column":21},"end":{"line":60,"column":null}},"loc":{"start":{"line":60,"column":21},"end":{"line":62,"column":3}}}},"branchMap":{"0":{"loc":{"start":{"line":33,"column":6},"end":{"line":33,"column":50}},"type":"binary-expr","locations":[{"start":{"line":33,"column":6},"end":{"line":33,"column":50}},{"start":{"line":34,"column":6},"end":{"line":34,"column":52}}]},"1":{"loc":{"start":{"line":54,"column":4},"end":{"line":56,"column":null}},"type":"if","locations":[{"start":{"line":54,"column":4},"end":{"line":56,"column":null}},{"start":{"line":54,"column":4},"end":{"line":56,"column":null}}]}},"s":{"0":1,"1":1,"2":1,"3":0,"4":0,"5":0,"6":0,"7":0,"8":0,"9":0,"10":0,"11":0,"12":0,"13":0,"14":1,"15":1,"16":1,"17":0,"18":0,"19":0,"20":0,"21":1,"22":1,"23":1,"24":2,"25":2,"26":1,"27":2,"28":1,"29":1,"30":1,"31":1},"f":{"0":1,"1":0,"2":0,"3":0,"4":0,"5":0,"6":1,"7":0,"8":0,"9":1,"10":2,"11":1},"b":{"0":[0,0],"1":[1,1]}}
}
