TN:
SF:src\domain\attendanceManagement\employee\employee.ts
FN:11,(anonymous_0)
FN:14,Employee
FN:18,(anonymous_2)
FNF:3
FNH:3
FNDA:1,(anonymous_0)
FNDA:1,Employee
FNDA:1,(anonymous_2)
DA:11,1
DA:14,1
DA:15,1
DA:18,1
DA:19,1
DA:55,1
LF:6
LH:6
BRF:0
BRH:0
end_of_record
TN:
SF:src\domain\attendanceManagement\timecard\valueObjects.ts
FN:8,(anonymous_0)
FN:12,Coordinate
FN:17,(anonymous_2)
FN:21,(anonymous_3)
FN:26,(anonymous_4)
FN:29,TimecardId
FN:34,(anonymous_6)
FN:37,EmployeeId
FNF:8
FNH:4
FNDA:1,(anonymous_0)
FNDA:0,Coordinate
FNDA:0,(anonymous_2)
FNDA:0,(anonymous_3)
FNDA:1,(anonymous_4)
FNDA:0,TimecardId
FNDA:1,(anonymous_6)
FNDA:1,EmployeeId
DA:8,1
DA:13,0
DA:14,0
DA:17,1
DA:18,0
DA:21,1
DA:22,0
DA:24,1
DA:26,1
DA:30,0
DA:32,1
DA:34,1
DA:38,1
DA:40,1
LF:14
LH:9
BRF:0
BRH:0
end_of_record
