TN:
SF:src\common\message.ts
FNF:0
FNH:0
DA:4,1
LF:1
LH:1
BRF:0
BRH:0
end_of_record
TN:
SF:src\domain\attendanceManagement\timecard\valueObjects.ts
FN:10,(anonymous_0)
FN:14,Coordinate
FN:19,(anonymous_2)
FN:23,(anonymous_3)
FN:27,(anonymous_4)
FN:31,(anonymous_5)
FN:39,(anonymous_6)
FN:42,TimecardId
FN:45,(anonymous_8)
FN:50,(anonymous_9)
FN:53,EmployeeId
FN:60,(anonymous_11)
FNF:12
FNH:5
FNDA:1,(anonymous_0)
FNDA:0,Coordinate
FNDA:0,(anonymous_2)
FNDA:0,(anonymous_3)
FNDA:0,(anonymous_4)
FNDA:0,(anonymous_5)
FNDA:1,(anonymous_6)
FNDA:0,TimecardId
FNDA:0,(anonymous_8)
FNDA:1,(anonymous_9)
FNDA:2,EmployeeId
FNDA:1,(anonymous_11)
DA:1,1
DA:2,1
DA:10,1
DA:14,0
DA:15,0
DA:16,0
DA:19,0
DA:20,0
DA:23,0
DA:24,0
DA:27,0
DA:28,0
DA:31,0
DA:32,0
DA:37,1
DA:39,1
DA:42,0
DA:43,0
DA:45,0
DA:46,0
DA:48,1
DA:50,1
DA:53,2
DA:54,2
DA:55,1
DA:57,1
DA:60,2
DA:61,1
DA:63,1
LF:29
LH:14
BRDA:33,0,0,0
BRDA:33,0,1,0
BRDA:54,1,0,1
BRDA:54,1,1,1
BRF:4
BRH:2
end_of_record
